<?xml version="1.0" encoding="UTF-8"?>
<testng-results skipped="3" failed="0" total="3" passed="0">
  <reporter-output>
  </reporter-output>
  <suite name="Default suite" duration-ms="51462" started-at="2019-05-21T08:37:40Z" finished-at="2019-05-21T08:38:31Z">
    <groups>
    </groups>
    <test name="Default test" duration-ms="51462" started-at="2019-05-21T08:37:40Z" finished-at="2019-05-21T08:38:31Z">
      <class name="Facebook3.Facebooklogin">
        <test-method status="FAIL" signature="Initialization()[pri:0, instance:Facebook3.Facebooklogin@1fc5af1]" name="Initialization" is-config="true" duration-ms="0" started-at="2019-05-21T14:07:40Z" finished-at="2019-05-21T14:07:40Z">
          <exception class="org.openqa.selenium.WebDriverException">
            <message>
              <![CDATA[Failed to decode response from marionette
Build info: version: '3.5.3', revision: 'a88d25fe6b', time: '2017-08-29T12:42:44.417Z'
System info: host: 'MYPC', ip: '192.168.43.253', os.name: 'Windows 8', os.arch: 'x86', os.version: '6.2', java.version: '1.8.0_144'
Driver info: driver.version: FirefoxDriver
remote stacktrace: stack backtrace:
   0:   0x4e6bd4 - <no info>
   1:   0x43e926 - <no info>
   2:   0x42a5f8 - <no info>
   3:   0x40619b - <no info>
   4:   0x40bf07 - <no info>
   5:   0x69d92b - <no info>
   6:   0x420476 - <no info>
   7:   0x6989e1 - <no info>
   8: 0x7568173e - BaseThreadInitThunk
   9: 0x7784af94 - LdrInitializeThunk]]>
            </message>
            <full-stacktrace>
              <![CDATA[org.openqa.selenium.WebDriverException: Failed to decode response from marionette
Build info: version: '3.5.3', revision: 'a88d25fe6b', time: '2017-08-29T12:42:44.417Z'
System info: host: 'MYPC', ip: '192.168.43.253', os.name: 'Windows 8', os.arch: 'x86', os.version: '6.2', java.version: '1.8.0_144'
Driver info: driver.version: FirefoxDriver
remote stacktrace: stack backtrace:
   0:   0x4e6bd4 - <no info>
   1:   0x43e926 - <no info>
   2:   0x42a5f8 - <no info>
   3:   0x40619b - <no info>
   4:   0x40bf07 - <no info>
   5:   0x69d92b - <no info>
   6:   0x420476 - <no info>
   7:   0x6989e1 - <no info>
   8: 0x7568173e - BaseThreadInitThunk
   9: 0x7784af94 - LdrInitializeThunk
	at sun.reflect.NativeConstructorAccessorImpl.newInstance0(Native Method)
	at sun.reflect.NativeConstructorAccessorImpl.newInstance(Unknown Source)
	at sun.reflect.DelegatingConstructorAccessorImpl.newInstance(Unknown Source)
	at java.lang.reflect.Constructor.newInstance(Unknown Source)
	at org.openqa.selenium.remote.W3CHandshakeResponse.lambda$new$0(W3CHandshakeResponse.java:57)
	at org.openqa.selenium.remote.W3CHandshakeResponse.lambda$getResponseFunction$2(W3CHandshakeResponse.java:104)
	at org.openqa.selenium.remote.ProtocolHandshake.lambda$createSession$24(ProtocolHandshake.java:359)
	at java.util.stream.ReferencePipeline$3$1.accept(Unknown Source)
	at java.util.Spliterators$ArraySpliterator.tryAdvance(Unknown Source)
	at java.util.stream.ReferencePipeline.forEachWithCancel(Unknown Source)
	at java.util.stream.AbstractPipeline.copyIntoWithCancel(Unknown Source)
	at java.util.stream.AbstractPipeline.copyInto(Unknown Source)
	at java.util.stream.AbstractPipeline.wrapAndCopyInto(Unknown Source)
	at java.util.stream.FindOps$FindOp.evaluateSequential(Unknown Source)
	at java.util.stream.AbstractPipeline.evaluate(Unknown Source)
	at java.util.stream.ReferencePipeline.findFirst(Unknown Source)
	at org.openqa.selenium.remote.ProtocolHandshake.createSession(ProtocolHandshake.java:362)
	at org.openqa.selenium.remote.ProtocolHandshake.createSession(ProtocolHandshake.java:136)
	at org.openqa.selenium.remote.HttpCommandExecutor.execute(HttpCommandExecutor.java:142)
	at org.openqa.selenium.remote.service.DriverCommandExecutor.execute(DriverCommandExecutor.java:82)
	at org.openqa.selenium.remote.RemoteWebDriver.execute(RemoteWebDriver.java:646)
	at org.openqa.selenium.remote.RemoteWebDriver.startSession(RemoteWebDriver.java:255)
	at org.openqa.selenium.remote.RemoteWebDriver.startSession(RemoteWebDriver.java:237)
	at org.openqa.selenium.remote.RemoteWebDriver.<init>(RemoteWebDriver.java:138)
	at org.openqa.selenium.firefox.FirefoxDriver.<init>(FirefoxDriver.java:191)
	at org.openqa.selenium.firefox.FirefoxDriver.<init>(FirefoxDriver.java:103)
	at org.openqa.selenium.firefox.FirefoxDriver.<init>(FirefoxDriver.java:99)
	at Facebook3.Facebooklogin.Initialization(Facebooklogin.java:26)
	at sun.reflect.NativeMethodAccessorImpl.invoke0(Native Method)
	at sun.reflect.NativeMethodAccessorImpl.invoke(Unknown Source)
	at sun.reflect.DelegatingMethodAccessorImpl.invoke(Unknown Source)
	at java.lang.reflect.Method.invoke(Unknown Source)
	at org.testng.internal.MethodInvocationHelper.invokeMethod(MethodInvocationHelper.java:84)
	at org.testng.internal.Invoker.invokeConfigurationMethod(Invoker.java:564)
	at org.testng.internal.Invoker.invokeConfigurations(Invoker.java:213)
	at org.testng.internal.Invoker.invokeMethod(Invoker.java:653)
	at org.testng.internal.Invoker.invokeTestMethod(Invoker.java:901)
	at org.testng.internal.Invoker.invokeTestMethods(Invoker.java:1231)
	at org.testng.internal.TestMethodWorker.invokeTestMethods(TestMethodWorker.java:127)
	at org.testng.internal.TestMethodWorker.run(TestMethodWorker.java:111)
	at org.testng.TestRunner.privateRun(TestRunner.java:767)
	at org.testng.TestRunner.run(TestRunner.java:617)
	at org.testng.SuiteRunner.runTest(SuiteRunner.java:334)
	at org.testng.SuiteRunner.runSequentially(SuiteRunner.java:329)
	at org.testng.SuiteRunner.privateRun(SuiteRunner.java:291)
	at org.testng.SuiteRunner.run(SuiteRunner.java:240)
	at org.testng.SuiteRunnerWorker.runSuite(SuiteRunnerWorker.java:52)
	at org.testng.SuiteRunnerWorker.run(SuiteRunnerWorker.java:86)
	at org.testng.TestNG.runSuitesSequentially(TestNG.java:1224)
	at org.testng.TestNG.runSuitesLocally(TestNG.java:1149)
	at org.testng.TestNG.run(TestNG.java:1057)
	at org.testng.remote.AbstractRemoteTestNG.run(AbstractRemoteTestNG.java:114)
	at org.testng.remote.RemoteTestNG.initAndRun(RemoteTestNG.java:251)
	at org.testng.remote.RemoteTestNG.main(RemoteTestNG.java:77)
]]>
            </full-stacktrace>
          </exception> <!-- org.openqa.selenium.WebDriverException -->
          <reporter-output>
          </reporter-output>
        </test-method> <!-- Initialization -->
        <test-method status="SKIP" signature="userlogin()[pri:0, instance:Facebook3.Facebooklogin@1fc5af1]" name="userlogin" duration-ms="4" started-at="2019-05-21T14:08:31Z" finished-at="2019-05-21T14:08:31Z">
          <reporter-output>
          </reporter-output>
        </test-method> <!-- userlogin -->
        <test-method status="SKIP" signature="teardown()[pri:0, instance:Facebook3.Facebooklogin@1fc5af1]" name="teardown" is-config="true" duration-ms="0" started-at="2019-05-21T14:08:31Z" finished-at="2019-05-21T14:08:31Z">
          <reporter-output>
          </reporter-output>
        </test-method> <!-- teardown -->
        <test-method status="SKIP" signature="Initialization()[pri:0, instance:Facebook3.Facebooklogin@1fc5af1]" name="Initialization" is-config="true" duration-ms="0" started-at="2019-05-21T14:08:31Z" finished-at="2019-05-21T14:08:31Z">
          <reporter-output>
          </reporter-output>
        </test-method> <!-- Initialization -->
        <test-method status="SKIP" signature="Gettitle()[pri:0, instance:Facebook3.Facebooklogin@1fc5af1]" name="Gettitle" duration-ms="3" started-at="2019-05-21T14:08:31Z" finished-at="2019-05-21T14:08:31Z">
          <reporter-output>
          </reporter-output>
        </test-method> <!-- Gettitle -->
        <test-method status="SKIP" signature="teardown()[pri:0, instance:Facebook3.Facebooklogin@1fc5af1]" name="teardown" is-config="true" duration-ms="0" started-at="2019-05-21T14:08:31Z" finished-at="2019-05-21T14:08:31Z">
          <reporter-output>
          </reporter-output>
        </test-method> <!-- teardown -->
        <test-method status="SKIP" signature="Initialization()[pri:0, instance:Facebook3.Facebooklogin@1fc5af1]" name="Initialization" is-config="true" duration-ms="0" started-at="2019-05-21T14:08:31Z" finished-at="2019-05-21T14:08:31Z">
          <reporter-output>
          </reporter-output>
        </test-method> <!-- Initialization -->
        <test-method status="SKIP" signature="createnewaccount()[pri:0, instance:Facebook3.Facebooklogin@1fc5af1]" name="createnewaccount" duration-ms="2" started-at="2019-05-21T14:08:31Z" finished-at="2019-05-21T14:08:31Z">
          <reporter-output>
          </reporter-output>
        </test-method> <!-- createnewaccount -->
        <test-method status="SKIP" signature="teardown()[pri:0, instance:Facebook3.Facebooklogin@1fc5af1]" name="teardown" is-config="true" duration-ms="0" started-at="2019-05-21T14:08:31Z" finished-at="2019-05-21T14:08:31Z">
          <reporter-output>
          </reporter-output>
        </test-method> <!-- teardown -->
      </class> <!-- Facebook3.Facebooklogin -->
    </test> <!-- Default test -->
  </suite> <!-- Default suite -->
</testng-results>
